16:45:02.724 INFO  [main:c.c.h.c.CacheApp:652] - The following profiles are active: dev
16:45:03.265 INFO  [main:o.s.d.r.c.RepositoryConfigurationDelegate:244] - Multiple Spring Data modules found, entering strict repository configuration mode!
16:45:03.269 INFO  [main:o.s.d.r.c.RepositoryConfigurationDelegate:126] - Bootstrapping Spring Data repositories in DEFAULT mode.
16:45:03.310 INFO  [main:o.s.d.r.c.RepositoryConfigurationDelegate:182] - Finished Spring Data repository scanning in 19ms. Found 0 repository interfaces.
16:45:03.581 INFO  [main:o.s.c.c.s.GenericScope:295] - BeanFactory id=a21408ba-efd4-358f-acdb-bf21d6a83227
16:45:03.957 INFO  [main:o.s.b.w.e.t.TomcatWebServer:90] - Tomcat initialized with port(s): 6379 (http)
16:45:03.983 INFO  [main:o.a.c.c.StandardService:173] - Starting service [Tomcat]
16:45:03.984 INFO  [main:o.a.c.c.StandardEngine:173] - Starting Servlet engine: [Apache Tomcat/9.0.26]
16:45:04.159 INFO  [main:o.a.c.c.C.[.[.[/]:173] - Initializing Spring embedded WebApplicationContext
16:45:04.160 INFO  [main:o.s.w.c.ContextLoader:284] - Root WebApplicationContext: initialization completed in 1420 ms
16:45:04.239 INFO  [main:o.a.c.c.StandardService:173] - Stopping service [Tomcat]
16:45:04.266 INFO  [main:o.s.b.a.l.ConditionEvaluationReportLoggingListener:136] - 

Error starting ApplicationContext. To display the conditions report re-run your application with 'debug' enabled.
16:55:45.773 INFO  [main:c.c.h.c.CacheApp:652] - The following profiles are active: dev
16:55:46.215 INFO  [main:o.s.d.r.c.RepositoryConfigurationDelegate:244] - Multiple Spring Data modules found, entering strict repository configuration mode!
16:55:46.217 INFO  [main:o.s.d.r.c.RepositoryConfigurationDelegate:126] - Bootstrapping Spring Data repositories in DEFAULT mode.
16:55:46.244 INFO  [main:o.s.d.r.c.RepositoryConfigurationDelegate:182] - Finished Spring Data repository scanning in 13ms. Found 0 repository interfaces.
16:55:46.437 INFO  [main:o.s.c.c.s.GenericScope:295] - BeanFactory id=a21408ba-efd4-358f-acdb-bf21d6a83227
16:55:46.701 INFO  [main:o.s.b.w.e.t.TomcatWebServer:90] - Tomcat initialized with port(s): 6379 (http)
16:55:46.722 INFO  [main:o.a.c.c.StandardService:173] - Starting service [Tomcat]
16:55:46.723 INFO  [main:o.a.c.c.StandardEngine:173] - Starting Servlet engine: [Apache Tomcat/9.0.26]
16:55:46.852 INFO  [main:o.a.c.c.C.[.[.[/]:173] - Initializing Spring embedded WebApplicationContext
16:55:46.853 INFO  [main:o.s.w.c.ContextLoader:284] - Root WebApplicationContext: initialization completed in 1066 ms
16:55:46.909 INFO  [main:o.a.c.c.StandardService:173] - Stopping service [Tomcat]
16:55:46.931 INFO  [main:o.s.b.a.l.ConditionEvaluationReportLoggingListener:136] - 

Error starting ApplicationContext. To display the conditions report re-run your application with 'debug' enabled.
16:56:02.832 INFO  [main:c.c.h.c.CacheApp:652] - The following profiles are active: dev
16:56:03.728 INFO  [main:o.s.d.r.c.RepositoryConfigurationDelegate:244] - Multiple Spring Data modules found, entering strict repository configuration mode!
16:56:03.733 INFO  [main:o.s.d.r.c.RepositoryConfigurationDelegate:126] - Bootstrapping Spring Data repositories in DEFAULT mode.
16:56:03.781 INFO  [main:o.s.d.r.c.RepositoryConfigurationDelegate:182] - Finished Spring Data repository scanning in 24ms. Found 0 repository interfaces.
16:56:04.119 INFO  [main:o.s.c.c.s.GenericScope:295] - BeanFactory id=a21408ba-efd4-358f-acdb-bf21d6a83227
16:56:04.550 INFO  [main:o.s.b.w.e.t.TomcatWebServer:90] - Tomcat initialized with port(s): 6379 (http)
16:56:04.585 INFO  [main:o.a.c.c.StandardService:173] - Starting service [Tomcat]
16:56:04.586 INFO  [main:o.a.c.c.StandardEngine:173] - Starting Servlet engine: [Apache Tomcat/9.0.26]
16:56:04.838 INFO  [main:o.a.c.c.C.[.[.[/]:173] - Initializing Spring embedded WebApplicationContext
16:56:04.838 INFO  [main:o.s.w.c.ContextLoader:284] - Root WebApplicationContext: initialization completed in 1967 ms
16:56:04.931 INFO  [main:o.a.c.c.StandardService:173] - Stopping service [Tomcat]
16:56:04.955 INFO  [main:o.s.b.a.l.ConditionEvaluationReportLoggingListener:136] - 

Error starting ApplicationContext. To display the conditions report re-run your application with 'debug' enabled.
16:56:43.074 INFO  [main:c.c.h.c.CacheApp:652] - The following profiles are active: dev
16:56:43.540 INFO  [main:o.s.d.r.c.RepositoryConfigurationDelegate:244] - Multiple Spring Data modules found, entering strict repository configuration mode!
16:56:43.543 INFO  [main:o.s.d.r.c.RepositoryConfigurationDelegate:126] - Bootstrapping Spring Data repositories in DEFAULT mode.
16:56:43.574 INFO  [main:o.s.d.r.c.RepositoryConfigurationDelegate:182] - Finished Spring Data repository scanning in 14ms. Found 0 repository interfaces.
16:56:43.810 INFO  [main:o.s.c.c.s.GenericScope:295] - BeanFactory id=52a176ac-bd72-3d2d-92d1-e6cbe4e73950
16:56:44.138 INFO  [main:o.s.b.w.e.t.TomcatWebServer:90] - Tomcat initialized with port(s): 6379 (http)
16:56:44.161 INFO  [main:o.a.c.c.StandardService:173] - Starting service [Tomcat]
16:56:44.161 INFO  [main:o.a.c.c.StandardEngine:173] - Starting Servlet engine: [Apache Tomcat/9.0.26]
16:56:44.312 INFO  [main:o.a.c.c.C.[.[.[/]:173] - Initializing Spring embedded WebApplicationContext
16:56:44.312 INFO  [main:o.s.w.c.ContextLoader:284] - Root WebApplicationContext: initialization completed in 1226 ms
16:56:44.714 INFO  [main:c.n.c.s.URLConfigurationSource:122] - To enable URLs as dynamic configuration sources, define System property archaius.configurationSource.additionalUrls or make config.properties available on classpath.
16:56:44.719 INFO  [main:c.n.c.s.URLConfigurationSource:122] - To enable URLs as dynamic configuration sources, define System property archaius.configurationSource.additionalUrls or make config.properties available on classpath.
16:56:44.939 INFO  [main:o.s.s.c.ThreadPoolTaskExecutor:171] - Initializing ExecutorService 'applicationTaskExecutor'
16:56:47.450 INFO  [main:o.s.c.c.u.InetUtils:170] - Cannot determine local hostname
16:56:49.362 INFO  [main:o.s.c.c.u.InetUtils:170] - Cannot determine local hostname
16:56:49.487 INFO  [main:o.s.c.n.e.InstanceInfoFactory:72] - Setting initial instance status as: STARTING
16:56:49.541 INFO  [main:c.n.d.DiscoveryClient:365] - Initializing Eureka in region us-east-1
16:56:50.235 INFO  [main:c.n.d.p.DiscoveryJerseyProvider:70] - Using JSON encoding codec LegacyJacksonJson
16:56:50.236 INFO  [main:c.n.d.p.DiscoveryJerseyProvider:71] - Using JSON decoding codec LegacyJacksonJson
16:56:50.356 INFO  [main:c.n.d.p.DiscoveryJerseyProvider:80] - Using XML encoding codec XStreamXml
16:56:50.357 INFO  [main:c.n.d.p.DiscoveryJerseyProvider:81] - Using XML decoding codec XStreamXml
16:56:50.598 INFO  [main:c.n.d.s.r.a.ConfigClusterResolver:43] - Resolving eureka endpoints via configuration
16:56:51.130 INFO  [main:c.n.d.DiscoveryClient:976] - Disable delta property : false
16:56:51.131 INFO  [main:c.n.d.DiscoveryClient:977] - Single vip registry refresh property : null
16:56:51.131 INFO  [main:c.n.d.DiscoveryClient:978] - Force full registry fetch : false
16:56:51.132 INFO  [main:c.n.d.DiscoveryClient:979] - Application is null : false
16:56:51.132 INFO  [main:c.n.d.DiscoveryClient:980] - Registered Applications size is zero : true
16:56:51.132 INFO  [main:c.n.d.DiscoveryClient:982] - Application version is -1: true
16:56:51.133 INFO  [main:c.n.d.DiscoveryClient:1065] - Getting all instance registry info from the eureka server
16:56:55.215 INFO  [main:c.n.d.DiscoveryClient:1288] - Starting heartbeat executor: renew interval is: 30
16:56:55.218 INFO  [main:c.n.d.InstanceInfoReplicator:60] - InstanceInfoReplicator onDemand update allowed rate per min is 4
16:56:55.222 INFO  [main:c.n.d.DiscoveryClient:465] - Discovery Client initialized at timestamp 1600160215221 with initial instances count: 0
16:56:55.223 INFO  [main:o.s.c.n.e.s.EurekaServiceRegistry:41] - Registering application HAPPY_STATION_CACHE with eureka with status UP
16:56:55.224 INFO  [main:c.n.d.DiscoveryClient:1323] - Saw local status change event StatusChangeEvent [timestamp=1600160215224, current=UP, previous=STARTING]
16:56:55.226 INFO  [DiscoveryClient-InstanceInfoReplicator-0:c.n.d.DiscoveryClient:844] - DiscoveryClient_HAPPY_STATION_CACHE/localhost:happy_station_cache:6379: registering service...
16:56:55.255 INFO  [main:o.s.b.w.e.t.TomcatWebServer:202] - Tomcat started on port(s): 6379 (http) with context path ''
16:56:55.256 INFO  [main:o.s.c.n.e.s.EurekaAutoServiceRegistration:145] - Updating port to 6379
16:56:57.163 INFO  [main:o.s.c.c.u.InetUtils:170] - Cannot determine local hostname
16:56:57.166 INFO  [main:c.c.h.c.CacheApp:59] - Started CacheApp in 20.619 seconds (JVM running for 22.77)
16:57:25.217 INFO  [DiscoveryClient-CacheRefreshExecutor-0:c.n.d.DiscoveryClient:976] - Disable delta property : false
16:57:25.218 INFO  [DiscoveryClient-CacheRefreshExecutor-0:c.n.d.DiscoveryClient:977] - Single vip registry refresh property : null
16:57:25.219 INFO  [DiscoveryClient-CacheRefreshExecutor-0:c.n.d.DiscoveryClient:978] - Force full registry fetch : false
16:57:25.219 INFO  [DiscoveryClient-CacheRefreshExecutor-0:c.n.d.DiscoveryClient:979] - Application is null : false
16:57:25.220 INFO  [DiscoveryClient-CacheRefreshExecutor-0:c.n.d.DiscoveryClient:980] - Registered Applications size is zero : true
16:57:25.220 INFO  [DiscoveryClient-CacheRefreshExecutor-0:c.n.d.DiscoveryClient:982] - Application version is -1: true
16:57:25.220 INFO  [DiscoveryClient-CacheRefreshExecutor-0:c.n.d.DiscoveryClient:1065] - Getting all instance registry info from the eureka server
16:57:29.260 INFO  [DiscoveryClient-InstanceInfoReplicator-0:c.n.d.DiscoveryClient:844] - DiscoveryClient_HAPPY_STATION_CACHE/localhost:happy_station_cache:6379: registering service...
16:57:59.245 INFO  [DiscoveryClient-CacheRefreshExecutor-0:c.n.d.DiscoveryClient:976] - Disable delta property : false
16:57:59.245 INFO  [DiscoveryClient-CacheRefreshExecutor-0:c.n.d.DiscoveryClient:977] - Single vip registry refresh property : null
16:57:59.246 INFO  [DiscoveryClient-CacheRefreshExecutor-0:c.n.d.DiscoveryClient:978] - Force full registry fetch : false
16:57:59.246 INFO  [DiscoveryClient-CacheRefreshExecutor-0:c.n.d.DiscoveryClient:979] - Application is null : false
16:57:59.246 INFO  [DiscoveryClient-CacheRefreshExecutor-0:c.n.d.DiscoveryClient:980] - Registered Applications size is zero : true
16:57:59.247 INFO  [DiscoveryClient-CacheRefreshExecutor-0:c.n.d.DiscoveryClient:982] - Application version is -1: true
16:57:59.247 INFO  [DiscoveryClient-CacheRefreshExecutor-0:c.n.d.DiscoveryClient:1065] - Getting all instance registry info from the eureka server
16:58:03.274 INFO  [DiscoveryClient-InstanceInfoReplicator-0:c.n.d.DiscoveryClient:844] - DiscoveryClient_HAPPY_STATION_CACHE/localhost:happy_station_cache:6379: registering service...
16:58:20.074 INFO  [main:c.c.h.c.CacheApp:652] - The following profiles are active: dev
16:58:20.877 INFO  [main:o.s.d.r.c.RepositoryConfigurationDelegate:244] - Multiple Spring Data modules found, entering strict repository configuration mode!
16:58:20.882 INFO  [main:o.s.d.r.c.RepositoryConfigurationDelegate:126] - Bootstrapping Spring Data repositories in DEFAULT mode.
16:58:20.921 INFO  [main:o.s.d.r.c.RepositoryConfigurationDelegate:182] - Finished Spring Data repository scanning in 19ms. Found 0 repository interfaces.
16:58:21.229 INFO  [main:o.s.c.c.s.GenericScope:295] - BeanFactory id=52a176ac-bd72-3d2d-92d1-e6cbe4e73950
16:58:21.586 INFO  [main:o.s.b.w.e.t.TomcatWebServer:90] - Tomcat initialized with port(s): 6379 (http)
16:58:21.608 INFO  [main:o.a.c.c.StandardService:173] - Starting service [Tomcat]
16:58:21.609 INFO  [main:o.a.c.c.StandardEngine:173] - Starting Servlet engine: [Apache Tomcat/9.0.26]
16:58:21.777 INFO  [main:o.a.c.c.C.[.[.[/]:173] - Initializing Spring embedded WebApplicationContext
16:58:21.777 INFO  [main:o.s.w.c.ContextLoader:284] - Root WebApplicationContext: initialization completed in 1670 ms
16:58:22.250 INFO  [main:c.n.c.s.URLConfigurationSource:122] - To enable URLs as dynamic configuration sources, define System property archaius.configurationSource.additionalUrls or make config.properties available on classpath.
16:58:22.255 INFO  [main:c.n.c.s.URLConfigurationSource:122] - To enable URLs as dynamic configuration sources, define System property archaius.configurationSource.additionalUrls or make config.properties available on classpath.
16:58:22.474 INFO  [main:o.s.s.c.ThreadPoolTaskExecutor:171] - Initializing ExecutorService 'applicationTaskExecutor'
16:58:25.016 INFO  [main:o.s.c.c.u.InetUtils:170] - Cannot determine local hostname
16:58:26.997 INFO  [main:o.s.c.c.u.InetUtils:170] - Cannot determine local hostname
16:58:27.112 INFO  [main:o.s.c.n.e.InstanceInfoFactory:72] - Setting initial instance status as: STARTING
16:58:27.149 INFO  [main:c.n.d.DiscoveryClient:365] - Initializing Eureka in region us-east-1
16:58:27.810 INFO  [main:c.n.d.p.DiscoveryJerseyProvider:70] - Using JSON encoding codec LegacyJacksonJson
16:58:27.811 INFO  [main:c.n.d.p.DiscoveryJerseyProvider:71] - Using JSON decoding codec LegacyJacksonJson
16:58:27.931 INFO  [main:c.n.d.p.DiscoveryJerseyProvider:80] - Using XML encoding codec XStreamXml
16:58:27.932 INFO  [main:c.n.d.p.DiscoveryJerseyProvider:81] - Using XML decoding codec XStreamXml
16:58:28.144 INFO  [main:c.n.d.s.r.a.ConfigClusterResolver:43] - Resolving eureka endpoints via configuration
16:58:28.673 INFO  [main:c.n.d.DiscoveryClient:976] - Disable delta property : false
16:58:28.673 INFO  [main:c.n.d.DiscoveryClient:977] - Single vip registry refresh property : null
16:58:28.674 INFO  [main:c.n.d.DiscoveryClient:978] - Force full registry fetch : false
16:58:28.674 INFO  [main:c.n.d.DiscoveryClient:979] - Application is null : false
16:58:28.675 INFO  [main:c.n.d.DiscoveryClient:980] - Registered Applications size is zero : true
16:58:28.675 INFO  [main:c.n.d.DiscoveryClient:982] - Application version is -1: true
16:58:28.675 INFO  [main:c.n.d.DiscoveryClient:1065] - Getting all instance registry info from the eureka server
16:58:28.869 INFO  [main:c.n.d.DiscoveryClient:1074] - The response status is 200
16:58:28.874 INFO  [main:c.n.d.DiscoveryClient:1288] - Starting heartbeat executor: renew interval is: 30
16:58:28.878 INFO  [main:c.n.d.InstanceInfoReplicator:60] - InstanceInfoReplicator onDemand update allowed rate per min is 4
16:58:28.884 INFO  [main:c.n.d.DiscoveryClient:465] - Discovery Client initialized at timestamp 1600160308882 with initial instances count: 2
16:58:28.885 INFO  [main:o.s.c.n.e.s.EurekaServiceRegistry:41] - Registering application HAPPY_STATION_CACHE with eureka with status UP
16:58:28.887 INFO  [main:c.n.d.DiscoveryClient:1323] - Saw local status change event StatusChangeEvent [timestamp=1600160308887, current=UP, previous=STARTING]
16:58:28.890 INFO  [DiscoveryClient-InstanceInfoReplicator-0:c.n.d.DiscoveryClient:844] - DiscoveryClient_HAPPY_STATION_CACHE/localhost:happy_station_cache:6379: registering service...
16:58:28.953 INFO  [DiscoveryClient-InstanceInfoReplicator-0:c.n.d.DiscoveryClient:853] - DiscoveryClient_HAPPY_STATION_CACHE/localhost:happy_station_cache:6379 - registration status: 204
16:58:28.955 INFO  [main:o.s.b.w.e.t.TomcatWebServer:202] - Tomcat started on port(s): 6379 (http) with context path ''
16:58:28.957 INFO  [main:o.s.c.n.e.s.EurekaAutoServiceRegistration:145] - Updating port to 6379
16:58:31.896 INFO  [main:o.s.c.c.u.InetUtils:170] - Cannot determine local hostname
16:58:31.900 INFO  [main:c.c.h.c.CacheApp:59] - Started CacheApp in 17.774 seconds (JVM running for 19.128)
17:00:01.126 INFO  [main:c.c.h.c.CacheApp:652] - The following profiles are active: dev
17:00:01.687 INFO  [main:o.s.d.r.c.RepositoryConfigurationDelegate:244] - Multiple Spring Data modules found, entering strict repository configuration mode!
17:00:01.690 INFO  [main:o.s.d.r.c.RepositoryConfigurationDelegate:126] - Bootstrapping Spring Data repositories in DEFAULT mode.
17:00:01.722 INFO  [main:o.s.d.r.c.RepositoryConfigurationDelegate:182] - Finished Spring Data repository scanning in 15ms. Found 0 repository interfaces.
17:00:01.951 INFO  [main:o.s.c.c.s.GenericScope:295] - BeanFactory id=52a176ac-bd72-3d2d-92d1-e6cbe4e73950
17:00:02.258 INFO  [main:o.s.b.w.e.t.TomcatWebServer:90] - Tomcat initialized with port(s): 6379 (http)
17:00:02.281 INFO  [main:o.a.c.c.StandardService:173] - Starting service [Tomcat]
17:00:02.282 INFO  [main:o.a.c.c.StandardEngine:173] - Starting Servlet engine: [Apache Tomcat/9.0.26]
17:00:02.462 INFO  [main:o.a.c.c.C.[.[.[/]:173] - Initializing Spring embedded WebApplicationContext
17:00:02.462 INFO  [main:o.s.w.c.ContextLoader:284] - Root WebApplicationContext: initialization completed in 1319 ms
17:00:02.899 INFO  [main:c.n.c.s.URLConfigurationSource:122] - To enable URLs as dynamic configuration sources, define System property archaius.configurationSource.additionalUrls or make config.properties available on classpath.
17:00:02.907 INFO  [main:c.n.c.s.URLConfigurationSource:122] - To enable URLs as dynamic configuration sources, define System property archaius.configurationSource.additionalUrls or make config.properties available on classpath.
17:00:03.155 INFO  [main:o.s.s.c.ThreadPoolTaskExecutor:171] - Initializing ExecutorService 'applicationTaskExecutor'
17:00:06.257 INFO  [main:o.s.c.c.u.InetUtils:170] - Cannot determine local hostname
17:00:09.240 INFO  [main:o.s.c.c.u.InetUtils:170] - Cannot determine local hostname
17:00:09.524 INFO  [main:o.s.c.n.e.InstanceInfoFactory:72] - Setting initial instance status as: STARTING
17:00:09.611 INFO  [main:c.n.d.DiscoveryClient:365] - Initializing Eureka in region us-east-1
17:00:11.450 INFO  [main:c.n.d.p.DiscoveryJerseyProvider:70] - Using JSON encoding codec LegacyJacksonJson
17:00:11.452 INFO  [main:c.n.d.p.DiscoveryJerseyProvider:71] - Using JSON decoding codec LegacyJacksonJson
17:00:11.699 INFO  [main:c.n.d.p.DiscoveryJerseyProvider:80] - Using XML encoding codec XStreamXml
17:00:11.701 INFO  [main:c.n.d.p.DiscoveryJerseyProvider:81] - Using XML decoding codec XStreamXml
17:00:12.148 INFO  [main:c.n.d.s.r.a.ConfigClusterResolver:43] - Resolving eureka endpoints via configuration
17:00:13.157 INFO  [main:c.n.d.DiscoveryClient:976] - Disable delta property : false
17:00:13.158 INFO  [main:c.n.d.DiscoveryClient:977] - Single vip registry refresh property : null
17:00:13.159 INFO  [main:c.n.d.DiscoveryClient:978] - Force full registry fetch : false
17:00:13.159 INFO  [main:c.n.d.DiscoveryClient:979] - Application is null : false
17:00:13.161 INFO  [main:c.n.d.DiscoveryClient:980] - Registered Applications size is zero : true
17:00:13.161 INFO  [main:c.n.d.DiscoveryClient:982] - Application version is -1: true
17:00:13.162 INFO  [main:c.n.d.DiscoveryClient:1065] - Getting all instance registry info from the eureka server
17:00:13.421 INFO  [main:c.n.d.DiscoveryClient:1074] - The response status is 200
17:00:13.427 INFO  [main:c.n.d.DiscoveryClient:1288] - Starting heartbeat executor: renew interval is: 30
17:00:13.432 INFO  [main:c.n.d.InstanceInfoReplicator:60] - InstanceInfoReplicator onDemand update allowed rate per min is 4
17:00:13.440 INFO  [main:c.n.d.DiscoveryClient:465] - Discovery Client initialized at timestamp 1600160413438 with initial instances count: 3
17:00:13.442 INFO  [main:o.s.c.n.e.s.EurekaServiceRegistry:41] - Registering application CACHE with eureka with status UP
17:00:13.444 INFO  [main:c.n.d.DiscoveryClient:1323] - Saw local status change event StatusChangeEvent [timestamp=1600160413444, current=UP, previous=STARTING]
17:00:13.447 INFO  [DiscoveryClient-InstanceInfoReplicator-0:c.n.d.DiscoveryClient:844] - DiscoveryClient_CACHE/localhost:cache:6379: registering service...
17:00:13.529 INFO  [main:o.s.b.w.e.t.TomcatWebServer:202] - Tomcat started on port(s): 6379 (http) with context path ''
17:00:13.532 INFO  [main:o.s.c.n.e.s.EurekaAutoServiceRegistration:145] - Updating port to 6379
17:00:13.533 INFO  [DiscoveryClient-InstanceInfoReplicator-0:c.n.d.DiscoveryClient:853] - DiscoveryClient_CACHE/localhost:cache:6379 - registration status: 204
17:00:15.804 INFO  [main:o.s.c.c.u.InetUtils:170] - Cannot determine local hostname
17:00:15.807 INFO  [main:c.c.h.c.CacheApp:59] - Started CacheApp in 22.711 seconds (JVM running for 24.107)
17:01:33.636 INFO  [http-nio-6379-exec-2:o.a.c.c.C.[.[.[/]:173] - Initializing Spring DispatcherServlet 'dispatcherServlet'
17:01:33.637 INFO  [http-nio-6379-exec-2:o.s.w.s.DispatcherServlet:525] - Initializing Servlet 'dispatcherServlet'
17:01:33.643 INFO  [http-nio-6379-exec-2:o.s.w.s.DispatcherServlet:547] - Completed initialization in 6 ms
17:01:33.677 INFO  [http-nio-6379-exec-2:c.c.h.c.c.CacheController:32] - 【cache模块get执行了 key=good】
17:01:33.789 INFO  [http-nio-6379-exec-2:i.l.c.EpollProvider:68] - Starting without optional epoll library
17:01:33.791 INFO  [http-nio-6379-exec-2:i.l.c.KqueueProvider:70] - Starting without optional kqueue library
17:01:34.589 INFO  [http-nio-6379-exec-1:c.c.h.c.c.CacheController:32] - 【cache模块get执行了 key=good】
17:03:45.982 INFO  [http-nio-6379-exec-4:c.c.h.c.c.CacheController:32] - 【cache模块get执行了 key=good】
17:04:46.216 INFO  [http-nio-6379-exec-3:c.c.h.c.c.CacheController:32] - 【cache模块get执行了 key=good】
17:05:08.458 INFO  [http-nio-6379-exec-5:c.c.h.c.c.CacheController:32] - 【cache模块get执行了 key=good】
17:05:13.166 INFO  [AsyncResolver-bootstrap-executor-0:c.n.d.s.r.a.ConfigClusterResolver:43] - Resolving eureka endpoints via configuration
17:05:24.426 INFO  [http-nio-6379-exec-6:c.c.h.c.c.CacheController:32] - 【cache模块get执行了 key=good】
17:05:26.828 INFO  [http-nio-6379-exec-8:c.c.h.c.c.CacheController:32] - 【cache模块get执行了 key=good】
17:07:58.872 INFO  [main:c.c.h.c.CacheApp:652] - The following profiles are active: dev
17:07:59.332 INFO  [main:o.s.d.r.c.RepositoryConfigurationDelegate:244] - Multiple Spring Data modules found, entering strict repository configuration mode!
17:07:59.334 INFO  [main:o.s.d.r.c.RepositoryConfigurationDelegate:126] - Bootstrapping Spring Data repositories in DEFAULT mode.
17:07:59.362 INFO  [main:o.s.d.r.c.RepositoryConfigurationDelegate:182] - Finished Spring Data repository scanning in 14ms. Found 0 repository interfaces.
17:07:59.587 INFO  [main:o.s.c.c.s.GenericScope:295] - BeanFactory id=52a176ac-bd72-3d2d-92d1-e6cbe4e73950
17:07:59.911 INFO  [main:o.s.b.w.e.t.TomcatWebServer:90] - Tomcat initialized with port(s): 6379 (http)
17:07:59.934 INFO  [main:o.a.c.c.StandardService:173] - Starting service [Tomcat]
17:07:59.934 INFO  [main:o.a.c.c.StandardEngine:173] - Starting Servlet engine: [Apache Tomcat/9.0.26]
17:08:00.084 INFO  [main:o.a.c.c.C.[.[.[/]:173] - Initializing Spring embedded WebApplicationContext
17:08:00.085 INFO  [main:o.s.w.c.ContextLoader:284] - Root WebApplicationContext: initialization completed in 1199 ms
17:08:00.425 INFO  [main:c.n.c.s.URLConfigurationSource:122] - To enable URLs as dynamic configuration sources, define System property archaius.configurationSource.additionalUrls or make config.properties available on classpath.
17:08:00.430 INFO  [main:c.n.c.s.URLConfigurationSource:122] - To enable URLs as dynamic configuration sources, define System property archaius.configurationSource.additionalUrls or make config.properties available on classpath.
17:08:00.619 INFO  [main:o.s.s.c.ThreadPoolTaskExecutor:171] - Initializing ExecutorService 'applicationTaskExecutor'
17:08:02.970 INFO  [main:o.s.c.c.u.InetUtils:170] - Cannot determine local hostname
17:08:04.876 INFO  [main:o.s.c.c.u.InetUtils:170] - Cannot determine local hostname
17:08:05.000 INFO  [main:o.s.c.n.e.InstanceInfoFactory:72] - Setting initial instance status as: STARTING
17:08:05.037 INFO  [main:c.n.d.DiscoveryClient:365] - Initializing Eureka in region us-east-1
17:08:05.707 INFO  [main:c.n.d.p.DiscoveryJerseyProvider:70] - Using JSON encoding codec LegacyJacksonJson
17:08:05.708 INFO  [main:c.n.d.p.DiscoveryJerseyProvider:71] - Using JSON decoding codec LegacyJacksonJson
17:08:05.833 INFO  [main:c.n.d.p.DiscoveryJerseyProvider:80] - Using XML encoding codec XStreamXml
17:08:05.834 INFO  [main:c.n.d.p.DiscoveryJerseyProvider:81] - Using XML decoding codec XStreamXml
17:08:06.067 INFO  [main:c.n.d.s.r.a.ConfigClusterResolver:43] - Resolving eureka endpoints via configuration
17:08:06.734 INFO  [main:c.n.d.DiscoveryClient:976] - Disable delta property : false
17:08:06.735 INFO  [main:c.n.d.DiscoveryClient:977] - Single vip registry refresh property : null
17:08:06.735 INFO  [main:c.n.d.DiscoveryClient:978] - Force full registry fetch : false
17:08:06.736 INFO  [main:c.n.d.DiscoveryClient:979] - Application is null : false
17:08:06.737 INFO  [main:c.n.d.DiscoveryClient:980] - Registered Applications size is zero : true
17:08:06.737 INFO  [main:c.n.d.DiscoveryClient:982] - Application version is -1: true
17:08:06.737 INFO  [main:c.n.d.DiscoveryClient:1065] - Getting all instance registry info from the eureka server
17:08:06.937 INFO  [main:c.n.d.DiscoveryClient:1074] - The response status is 200
17:08:06.941 INFO  [main:c.n.d.DiscoveryClient:1288] - Starting heartbeat executor: renew interval is: 30
17:08:06.944 INFO  [main:c.n.d.InstanceInfoReplicator:60] - InstanceInfoReplicator onDemand update allowed rate per min is 4
17:08:06.948 INFO  [main:c.n.d.DiscoveryClient:465] - Discovery Client initialized at timestamp 1600160886947 with initial instances count: 4
17:08:06.949 INFO  [main:o.s.c.n.e.s.EurekaServiceRegistry:41] - Registering application CACHE with eureka with status UP
17:08:06.950 INFO  [main:c.n.d.DiscoveryClient:1323] - Saw local status change event StatusChangeEvent [timestamp=1600160886950, current=UP, previous=STARTING]
17:08:06.954 INFO  [DiscoveryClient-InstanceInfoReplicator-0:c.n.d.DiscoveryClient:844] - DiscoveryClient_CACHE/localhost:cache:6379: registering service...
17:08:07.002 INFO  [main:o.s.b.w.e.t.TomcatWebServer:202] - Tomcat started on port(s): 6379 (http) with context path ''
17:08:07.003 INFO  [DiscoveryClient-InstanceInfoReplicator-0:c.n.d.DiscoveryClient:853] - DiscoveryClient_CACHE/localhost:cache:6379 - registration status: 204
17:08:07.004 INFO  [main:o.s.c.n.e.s.EurekaAutoServiceRegistration:145] - Updating port to 6379
17:08:09.186 INFO  [main:o.s.c.c.u.InetUtils:170] - Cannot determine local hostname
17:08:09.188 INFO  [main:c.c.h.c.CacheApp:59] - Started CacheApp in 16.861 seconds (JVM running for 18.4)
17:08:14.064 INFO  [http-nio-6379-exec-2:o.a.c.c.C.[.[.[/]:173] - Initializing Spring DispatcherServlet 'dispatcherServlet'
17:08:14.064 INFO  [http-nio-6379-exec-2:o.s.w.s.DispatcherServlet:525] - Initializing Servlet 'dispatcherServlet'
17:08:14.072 INFO  [http-nio-6379-exec-2:o.s.w.s.DispatcherServlet:547] - Completed initialization in 7 ms
17:08:14.100 INFO  [http-nio-6379-exec-2:c.c.h.c.c.CacheController:32] - 【cache模块get执行了 key=good】
17:08:22.103 INFO  [http-nio-6379-exec-1:c.c.h.c.c.CacheController:32] - 【cache模块get执行了 key=good】
17:08:31.984 INFO  [http-nio-6379-exec-2:i.l.c.EpollProvider:68] - Starting without optional epoll library
17:08:31.986 INFO  [http-nio-6379-exec-2:i.l.c.KqueueProvider:70] - Starting without optional kqueue library
17:09:55.047 INFO  [http-nio-6379-exec-3:c.c.h.c.c.CacheController:32] - 【cache模块get执行了 key=good】
17:09:56.857 INFO  [http-nio-6379-exec-4:c.c.h.c.c.CacheController:32] - 【cache模块get执行了 key=good】
17:10:05.234 INFO  [http-nio-6379-exec-5:c.c.h.c.c.CacheController:32] - 【cache模块get执行了 key=good】
17:11:08.526 INFO  [http-nio-6379-exec-6:c.c.h.c.c.CacheController:32] - 【cache模块get执行了 key=good】
17:13:06.741 INFO  [AsyncResolver-bootstrap-executor-0:c.n.d.s.r.a.ConfigClusterResolver:43] - Resolving eureka endpoints via configuration
17:14:16.962 INFO  [http-nio-6379-exec-7:c.c.h.c.c.CacheController:32] - 【cache模块get执行了 key=good】
17:14:26.724 INFO  [http-nio-6379-exec-8:c.c.h.c.c.CacheController:32] - 【cache模块get执行了 key=good】
17:14:55.489 INFO  [http-nio-6379-exec-9:c.c.h.c.c.CacheController:32] - 【cache模块get执行了 key=good】
17:15:01.544 INFO  [http-nio-6379-exec-10:c.c.h.c.c.CacheController:32] - 【cache模块get执行了 key=good】
17:18:06.743 INFO  [AsyncResolver-bootstrap-executor-0:c.n.d.s.r.a.ConfigClusterResolver:43] - Resolving eureka endpoints via configuration
17:23:01.843 INFO  [main:c.c.h.c.CacheApp:652] - The following profiles are active: dev
17:23:02.531 INFO  [main:o.s.d.r.c.RepositoryConfigurationDelegate:244] - Multiple Spring Data modules found, entering strict repository configuration mode!
17:23:02.535 INFO  [main:o.s.d.r.c.RepositoryConfigurationDelegate:126] - Bootstrapping Spring Data repositories in DEFAULT mode.
17:23:02.577 INFO  [main:o.s.d.r.c.RepositoryConfigurationDelegate:182] - Finished Spring Data repository scanning in 20ms. Found 0 repository interfaces.
17:23:02.889 INFO  [main:o.s.c.c.s.GenericScope:295] - BeanFactory id=52a176ac-bd72-3d2d-92d1-e6cbe4e73950
17:23:03.303 INFO  [main:o.s.b.w.e.t.TomcatWebServer:90] - Tomcat initialized with port(s): 6379 (http)
17:23:03.331 INFO  [main:o.a.c.c.StandardService:173] - Starting service [Tomcat]
17:23:03.331 INFO  [main:o.a.c.c.StandardEngine:173] - Starting Servlet engine: [Apache Tomcat/9.0.26]
17:23:03.525 INFO  [main:o.a.c.c.C.[.[.[/]:173] - Initializing Spring embedded WebApplicationContext
17:23:03.525 INFO  [main:o.s.w.c.ContextLoader:284] - Root WebApplicationContext: initialization completed in 1659 ms
17:23:04.061 INFO  [main:c.n.c.s.URLConfigurationSource:122] - To enable URLs as dynamic configuration sources, define System property archaius.configurationSource.additionalUrls or make config.properties available on classpath.
17:23:04.068 INFO  [main:c.n.c.s.URLConfigurationSource:122] - To enable URLs as dynamic configuration sources, define System property archaius.configurationSource.additionalUrls or make config.properties available on classpath.
17:23:04.331 INFO  [main:o.s.s.c.ThreadPoolTaskExecutor:171] - Initializing ExecutorService 'applicationTaskExecutor'
17:23:07.425 INFO  [main:o.s.c.c.u.InetUtils:170] - Cannot determine local hostname
17:23:09.412 INFO  [main:o.s.c.c.u.InetUtils:170] - Cannot determine local hostname
17:23:09.538 INFO  [main:o.s.c.n.e.InstanceInfoFactory:72] - Setting initial instance status as: STARTING
17:23:09.574 INFO  [main:c.n.d.DiscoveryClient:365] - Initializing Eureka in region us-east-1
17:23:10.236 INFO  [main:c.n.d.p.DiscoveryJerseyProvider:70] - Using JSON encoding codec LegacyJacksonJson
17:23:10.237 INFO  [main:c.n.d.p.DiscoveryJerseyProvider:71] - Using JSON decoding codec LegacyJacksonJson
17:23:10.367 INFO  [main:c.n.d.p.DiscoveryJerseyProvider:80] - Using XML encoding codec XStreamXml
17:23:10.369 INFO  [main:c.n.d.p.DiscoveryJerseyProvider:81] - Using XML decoding codec XStreamXml
17:23:10.617 INFO  [main:c.n.d.s.r.a.ConfigClusterResolver:43] - Resolving eureka endpoints via configuration
17:23:11.164 INFO  [main:c.n.d.DiscoveryClient:976] - Disable delta property : false
17:23:11.165 INFO  [main:c.n.d.DiscoveryClient:977] - Single vip registry refresh property : null
17:23:11.166 INFO  [main:c.n.d.DiscoveryClient:978] - Force full registry fetch : false
17:23:11.166 INFO  [main:c.n.d.DiscoveryClient:979] - Application is null : false
17:23:11.167 INFO  [main:c.n.d.DiscoveryClient:980] - Registered Applications size is zero : true
17:23:11.167 INFO  [main:c.n.d.DiscoveryClient:982] - Application version is -1: true
17:23:11.167 INFO  [main:c.n.d.DiscoveryClient:1065] - Getting all instance registry info from the eureka server
17:23:11.347 INFO  [main:c.n.d.DiscoveryClient:1074] - The response status is 200
17:23:11.351 INFO  [main:c.n.d.DiscoveryClient:1288] - Starting heartbeat executor: renew interval is: 30
17:23:11.354 INFO  [main:c.n.d.InstanceInfoReplicator:60] - InstanceInfoReplicator onDemand update allowed rate per min is 4
17:23:11.360 INFO  [main:c.n.d.DiscoveryClient:465] - Discovery Client initialized at timestamp 1600161791359 with initial instances count: 4
17:23:11.361 INFO  [main:o.s.c.n.e.s.EurekaServiceRegistry:41] - Registering application CACHE with eureka with status UP
17:23:11.362 INFO  [main:c.n.d.DiscoveryClient:1323] - Saw local status change event StatusChangeEvent [timestamp=1600161791362, current=UP, previous=STARTING]
17:23:11.365 INFO  [DiscoveryClient-InstanceInfoReplicator-0:c.n.d.DiscoveryClient:844] - DiscoveryClient_CACHE/localhost:cache:6379: registering service...
17:23:11.410 INFO  [main:o.s.b.w.e.t.TomcatWebServer:202] - Tomcat started on port(s): 6379 (http) with context path ''
17:23:11.410 INFO  [DiscoveryClient-InstanceInfoReplicator-0:c.n.d.DiscoveryClient:853] - DiscoveryClient_CACHE/localhost:cache:6379 - registration status: 204
17:23:11.411 INFO  [main:o.s.c.n.e.s.EurekaAutoServiceRegistration:145] - Updating port to 6379
17:23:13.495 INFO  [main:o.s.c.c.u.InetUtils:170] - Cannot determine local hostname
17:23:13.497 INFO  [main:c.c.h.c.CacheApp:59] - Started CacheApp in 19.495 seconds (JVM running for 21.495)
17:25:12.139 INFO  [http-nio-6379-exec-1:o.a.c.c.C.[.[.[/]:173] - Initializing Spring DispatcherServlet 'dispatcherServlet'
17:25:12.139 INFO  [http-nio-6379-exec-1:o.s.w.s.DispatcherServlet:525] - Initializing Servlet 'dispatcherServlet'
17:25:12.145 INFO  [http-nio-6379-exec-1:o.s.w.s.DispatcherServlet:547] - Completed initialization in 6 ms
17:25:12.173 INFO  [http-nio-6379-exec-1:c.c.h.c.c.CacheController:40] - 【cache模块set执行了 key=test,value=helloworld】
17:25:12.273 INFO  [http-nio-6379-exec-1:i.l.c.EpollProvider:68] - Starting without optional epoll library
17:25:12.275 INFO  [http-nio-6379-exec-1:i.l.c.KqueueProvider:70] - Starting without optional kqueue library
17:25:54.771 INFO  [http-nio-6379-exec-2:c.c.h.c.c.CacheController:29] - 【cache模块get执行了 key=test】
17:26:22.129 INFO  [http-nio-6379-exec-4:c.c.h.c.c.CacheController:40] - 【cache模块set执行了 key=aaa,value=aaa】
17:26:50.829 INFO  [http-nio-6379-exec-6:c.c.h.c.c.CacheController:29] - 【cache模块get执行了 key=good】
17:28:11.170 INFO  [AsyncResolver-bootstrap-executor-0:c.n.d.s.r.a.ConfigClusterResolver:43] - Resolving eureka endpoints via configuration
